<?xml version="1.0" encoding="UTF-8"?>
<testsuite xmlns:xsi="http://www.w3.org/2001/XMLSchema-instance" xsi:noNamespaceSchemaLocation="https://maven.apache.org/surefire/maven-surefire-plugin/xsd/surefire-test-report-3.0.xsd" version="3.0" name="com.example.crudapp.CrudappApplicationTests" time="2.066" tests="1" errors="0" skipped="0" failures="0">
  <properties>
[...]
</properties>
  <testcase name="contextLoads" classname="com.example.crudapp.CrudappApplicationTests" time="0.54">
    <system-out><![CDATA[18:27:17.929 [main] INFO org.springframework.test.context.support.AnnotationConfigContextLoaderUtils -- Could not detect default configuration classes for test class [com.example.crudapp.CrudappApplicationTests]: CrudappApplicationTests does not declare any static, non-private, non-final, nested classes annotated with @Configuration.
18:27:18.144 [main] INFO org.springframework.boot.test.context.SpringBootTestContextBootstrapper -- Found @SpringBootConfiguration com.example.crudapp.CrudappApplication for test class com.example.crudapp.CrudappApplicationTests

  .   ____          _            __ _ _
 /\\ / ___'_ __ _ _(_)_ __  __ _ \ \ \ \
( ( )\___ | '_ | '_| | '_ \/ _` | \ \ \ \
 \\/  ___)| |_)| | | | | || (_| |  ) ) ) )
  '  |____| .__|_| |_|_| |_\__, | / / / /
 =========|_|==============|___/=/_/_/_/

 :: Spring Boot ::                (v3.3.5)

2024-11-13T18:27:18.446-03:00  INFO 9588 --- [crudapp] [           main] c.e.crudapp.CrudappApplicationTests      : Starting CrudappApplicationTests using Java 17.0.12 with PID 9588 (started by MauroPC in C:\Users\MauroPC\Documents\carp Alux\crudapp)
2024-11-13T18:27:18.447-03:00  INFO 9588 --- [crudapp] [           main] c.e.crudapp.CrudappApplicationTests      : No active profile set, falling back to 1 default profile: "default"
2024-11-13T18:27:19.339-03:00  INFO 9588 --- [crudapp] [           main] c.e.crudapp.CrudappApplicationTests      : Started CrudappApplicationTests in 1.068 seconds (process running for 1.866)
]]></system-out>
  </testcase>
</testsuite>